#
# There is insufficient memory for the Java Runtime Environment to continue.
# Native memory allocation (malloc) failed to allocate 1048576 bytes. Error detail: AllocateHeap
# Possible reasons:
#   The system is out of physical RAM or swap space
#   This process is running with CompressedOops enabled, and the Java Heap may be blocking the growth of the native heap
# Possible solutions:
#   Reduce memory load on the system
#   Increase physical memory or swap space
#   Check if swap backing store is full
#   Decrease Java heap size (-Xmx/-Xms)
#   Decrease number of Java threads
#   Decrease Java thread stack sizes (-Xss)
#   Set larger code cache with -XX:ReservedCodeCacheSize=
#   JVM is running with Unscaled Compressed Oops mode in which the Java heap is
#     placed in the first 4GB address space. The Java Heap base address is the
#     maximum limit for the native heap growth. Please use -XX:HeapBaseMinAddress
#     to set the Java Heap base and to place the Java Heap above 4GB virtual address.
# This output file may be truncated or incomplete.
#
#  Out of Memory Error (allocation.cpp:44), pid=4700, tid=9680
#
# JRE version: OpenJDK Runtime Environment Temurin-21.0.10+7 (21.0.10+7) (build 21.0.10+7-LTS)
# Java VM: OpenJDK 64-Bit Server VM Temurin-21.0.10+7 (21.0.10+7-LTS, mixed mode, sharing, tiered, compressed oops, compressed class ptrs, parallel gc, windows-amd64)
# No core dump will be written. Minidumps are not enabled by default on client versions of Windows
#

---------------  S U M M A R Y ------------

Command Line: --add-modules=ALL-SYSTEM --add-opens=java.base/java.util=ALL-UNNAMED --add-opens=java.base/java.lang=ALL-UNNAMED --add-opens=java.base/sun.nio.fs=ALL-UNNAMED -Declipse.application=org.eclipse.jdt.ls.core.id1 -Dosgi.bundles.defaultStartLevel=4 -Declipse.product=org.eclipse.jdt.ls.core.product -Djava.import.generatesMetadataFilesAtProjectRoot=false -DDetectVMInstallationsJob.disabled=true -Dfile.encoding=utf8 -XX:+UseParallelGC -XX:GCTimeRatio=4 -XX:AdaptiveSizePolicyWeight=90 -Dsun.zip.disableMemoryMapping=true -Xmx2G -Xms100m -Xlog:disable -javaagent:c:\Users\YASSINE\.antigravity\extensions\redhat.java-1.54.0-win32-x64\lombok\lombok-1.18.39-4050.jar -XX:+HeapDumpOnOutOfMemoryError -XX:HeapDumpPath=c:\Users\YASSINE\AppData\Roaming\Antigravity\User\workspaceStorage\cc0564405a5d17f7e5e60df4f3e138fc\redhat.java -Daether.dependencyCollector.impl=bf c:\Users\YASSINE\.antigravity\extensions\redhat.java-1.54.0-win32-x64\server\plugins\org.eclipse.equinox.launcher_1.7.100.v20251111-0406.jar -configuration c:\Users\YASSINE\AppData\Roaming\Antigravity\User\globalStorage\redhat.java\1.54.0\config_win -data c:\Users\YASSINE\AppData\Roaming\Antigravity\User\workspaceStorage\cc0564405a5d17f7e5e60df4f3e138fc\redhat.java\jdt_ws --pipe=\\.\pipe\lsp-839a61af5d23a6c7e7e5bf65c6bb1d51-sock

Host: Intel(R) Core(TM) i5-1035G1 CPU @ 1.00GHz, 8 cores, 7G,  Windows 11 , 64 bit Build 26100 (10.0.26100.8246)
Time: Mon Apr 27 23:11:14 2026 elapsed time: 4809.145300 seconds (0d 1h 20m 9s)

---------------  T H R E A D  ---------------

Current thread (0x00000235bc598480):  JavaThread "Attach Listener" daemon [_thread_in_vm, id=9680, stack(0x000000fbc6c00000,0x000000fbc6d00000) (1024K)]

Stack: [0x000000fbc6c00000,0x000000fbc6d00000]
Native frames: (J=compiled Java code, j=interpreted, Vv=VM code, C=native code)
V  [jvm.dll+0x6d7a39]
V  [jvm.dll+0x8b4b26]
V  [jvm.dll+0x8b70de]
V  [jvm.dll+0x8b77c3]
V  [jvm.dll+0x284346]
V  [jvm.dll+0xc1277]
V  [jvm.dll+0x6d82e9]
V  [jvm.dll+0x1334a6]
V  [jvm.dll+0x3f857e]
V  [jvm.dll+0x85f59d]
V  [jvm.dll+0x6d626d]
C  [ucrtbase.dll+0x37b0]
C  [KERNEL32.DLL+0x2e8d7]
C  [ntdll.dll+0x8c3fc]


---------------  P R O C E S S  ---------------

Threads class SMR info:
_java_thread_list=0x00000235867d8b30, length=42, elements={
0x00000235a3dde3a0, 0x00000235a3e9b150, 0x00000235bc594720, 0x00000235bc5977a0,
0x00000235bc598480, 0x00000235bc59c3d0, 0x00000235bc59ce30, 0x00000235bc59dbc0,
0x00000235ff049ca0, 0x00000235ff1f4330, 0x00000235ff313350, 0x00000235ff4afdf0,
0x00000235ff3883c0, 0x00000235ff28a980, 0x00000235ff43f1d0, 0x00000235ff0f6350,
0x00000235840a08c0, 0x00000235ff098730, 0x00000235ff7c72e0, 0x00000235ff7c7970,
0x00000235ff7c9a40, 0x0000023586127a50, 0x000002358612a840, 0x000002358612a1b0,
0x000002358612aed0, 0x000002358612b560, 0x00000235861280e0, 0x0000023586128e00,
0x0000023586129490, 0x0000023586129b20, 0x0000023586128770, 0x000002358612dcc0,
0x00000235ffb70810, 0x00000235ffb728e0, 0x00000235ffb6f460, 0x00000235ffb73600,
0x00000235ffb749b0, 0x00000235ffb72f70, 0x00000235ffb70ea0, 0x00000235ffb71530,
0x000002358612f070, 0x00000235ff7c93b0
}

Java Threads: ( => current thread )
  0x00000235a3dde3a0 JavaThread "main"                              [_thread_blocked, id=7076, stack(0x000000fbc6500000,0x000000fbc6600000) (1024K)]
  0x00000235a3e9b150 JavaThread "Reference Handler"          daemon [_thread_blocked, id=18624, stack(0x000000fbc6900000,0x000000fbc6a00000) (1024K)]
  0x00000235bc594720 JavaThread "Finalizer"                  daemon [_thread_blocked, id=15296, stack(0x000000fbc6a00000,0x000000fbc6b00000) (1024K)]
  0x00000235bc5977a0 JavaThread "Signal Dispatcher"          daemon [_thread_blocked, id=16972, stack(0x000000fbc6b00000,0x000000fbc6c00000) (1024K)]
=>0x00000235bc598480 JavaThread "Attach Listener"            daemon [_thread_in_vm, id=9680, stack(0x000000fbc6c00000,0x000000fbc6d00000) (1024K)]
  0x00000235bc59c3d0 JavaThread "Service Thread"             daemon [_thread_blocked, id=5804, stack(0x000000fbc6d00000,0x000000fbc6e00000) (1024K)]
  0x00000235bc59ce30 JavaThread "Monitor Deflation Thread"   daemon [_thread_blocked, id=15480, stack(0x000000fbc6e00000,0x000000fbc6f00000) (1024K)]
  0x00000235bc59dbc0 JavaThread "C2 CompilerThread0"         daemon [_thread_blocked, id=7216, stack(0x000000fbc6f00000,0x000000fbc7000000) (1024K)]
  0x00000235ff049ca0 JavaThread "C1 CompilerThread0"         daemon [_thread_blocked, id=7800, stack(0x000000fbc7000000,0x000000fbc7100000) (1024K)]
  0x00000235ff1f4330 JavaThread "Common-Cleaner"             daemon [_thread_blocked, id=17316, stack(0x000000fbc7100000,0x000000fbc7200000) (1024K)]
  0x00000235ff313350 JavaThread "Notification Thread"        daemon [_thread_blocked, id=13796, stack(0x000000fbc7300000,0x000000fbc7400000) (1024K)]
  0x00000235ff4afdf0 JavaThread "Active Thread: Equinox Container: 9c1a76e8-39ed-48b7-a900-52dfef13c02a"        [_thread_blocked, id=2160, stack(0x000000fbc7900000,0x000000fbc7a00000) (1024K)]
  0x00000235ff3883c0 JavaThread "Refresh Thread: Equinox Container: 9c1a76e8-39ed-48b7-a900-52dfef13c02a" daemon [_thread_blocked, id=18452, stack(0x000000fbc7b00000,0x000000fbc7c00000) (1024K)]
  0x00000235ff28a980 JavaThread "Framework Event Dispatcher: Equinox Container: 9c1a76e8-39ed-48b7-a900-52dfef13c02a" daemon [_thread_blocked, id=9672, stack(0x000000fbc7c00000,0x000000fbc7d00000) (1024K)]
  0x00000235ff43f1d0 JavaThread "Start Level: Equinox Container: 9c1a76e8-39ed-48b7-a900-52dfef13c02a" daemon [_thread_blocked, id=7400, stack(0x000000fbc7d00000,0x000000fbc7e00000) (1024K)]
  0x00000235ff0f6350 JavaThread "Bundle File Closer"         daemon [_thread_blocked, id=9280, stack(0x000000fbc7e00000,0x000000fbc7f00000) (1024K)]
  0x00000235840a08c0 JavaThread "SCR Component Actor"        daemon [_thread_blocked, id=4144, stack(0x000000fbc6300000,0x000000fbc6400000) (1024K)]
  0x00000235ff098730 JavaThread "Worker-JM"                         [_thread_blocked, id=18684, stack(0x000000fbc8000000,0x000000fbc8100000) (1024K)]
  0x00000235ff7c72e0 JavaThread "JNA Cleaner"                daemon [_thread_blocked, id=18364, stack(0x000000fbc8100000,0x000000fbc8200000) (1024K)]
  0x00000235ff7c7970 JavaThread "Java indexing"              daemon [_thread_blocked, id=19040, stack(0x000000fbc8600000,0x000000fbc8700000) (1024K)]
  0x00000235ff7c9a40 JavaThread "Thread-1"                   daemon [_thread_in_native, id=6240, stack(0x000000fbc8300000,0x000000fbc8400000) (1024K)]
  0x0000023586127a50 JavaThread "Thread-2"                   daemon [_thread_in_native, id=2736, stack(0x000000fbc8500000,0x000000fbc8600000) (1024K)]
  0x000002358612a840 JavaThread "Thread-3"                   daemon [_thread_in_native, id=11704, stack(0x000000fbc8b00000,0x000000fbc8c00000) (1024K)]
  0x000002358612a1b0 JavaThread "Thread-4"                   daemon [_thread_in_native, id=18020, stack(0x000000fbc8c00000,0x000000fbc8d00000) (1024K)]
  0x000002358612aed0 JavaThread "Thread-5"                   daemon [_thread_in_native, id=4948, stack(0x000000fbc8d00000,0x000000fbc8e00000) (1024K)]
  0x000002358612b560 JavaThread "Thread-6"                   daemon [_thread_in_native, id=5132, stack(0x000000fbc8e00000,0x000000fbc8f00000) (1024K)]
  0x00000235861280e0 JavaThread "Thread-7"                   daemon [_thread_in_native, id=7468, stack(0x000000fbc8f00000,0x000000fbc9000000) (1024K)]
  0x0000023586128e00 JavaThread "Thread-8"                   daemon [_thread_in_native, id=4332, stack(0x000000fbc9000000,0x000000fbc9100000) (1024K)]
  0x0000023586129490 JavaThread "Thread-9"                   daemon [_thread_in_native, id=3788, stack(0x000000fbc9100000,0x000000fbc9200000) (1024K)]
  0x0000023586129b20 JavaThread "pool-2-thread-1"                   [_thread_blocked, id=7596, stack(0x000000fbc9200000,0x000000fbc9300000) (1024K)]
  0x0000023586128770 JavaThread "WorkspaceEventsHandler"            [_thread_blocked, id=9596, stack(0x000000fbc9600000,0x000000fbc9700000) (1024K)]
  0x000002358612dcc0 JavaThread "pool-1-thread-1"                   [_thread_blocked, id=11760, stack(0x000000fbc9700000,0x000000fbc9800000) (1024K)]
  0x00000235ffb70810 JavaThread "Timer-0"                           [_thread_blocked, id=2964, stack(0x000000fbca100000,0x000000fbca200000) (1024K)]
  0x00000235ffb728e0 JavaThread "Timer-1"                           [_thread_blocked, id=6048, stack(0x000000fbca200000,0x000000fbca300000) (1024K)]
  0x00000235ffb6f460 JavaThread "Timer-2"                           [_thread_blocked, id=10544, stack(0x000000fbca400000,0x000000fbca500000) (1024K)]
  0x00000235ffb73600 JavaThread "Timer-3"                           [_thread_blocked, id=6116, stack(0x000000fbca600000,0x000000fbca700000) (1024K)]
  0x00000235ffb749b0 JavaThread "Timer-4"                           [_thread_blocked, id=15816, stack(0x000000fbca700000,0x000000fbca800000) (1024K)]
  0x00000235ffb72f70 JavaThread "Timer-5"                           [_thread_blocked, id=19720, stack(0x000000fbc6200000,0x000000fbc6300000) (1024K)]
  0x00000235ffb70ea0 JavaThread "Timer-6"                           [_thread_blocked, id=4280, stack(0x000000fbc6400000,0x000000fbc6500000) (1024K)]
  0x00000235ffb71530 JavaThread "Timer-7"                           [_thread_blocked, id=16348, stack(0x000000fbc8200000,0x000000fbc8300000) (1024K)]
  0x000002358612f070 JavaThread "Worker-7"                          [_thread_blocked, id=18800, stack(0x000000fbc8700000,0x000000fbc8800000) (1024K)]
  0x00000235ff7c93b0 JavaThread "Worker-8"                          [_thread_blocked, id=8656, stack(0x000000fbc8400000,0x000000fbc8500000) (1024K)]
Total: 42

Other Threads:
  0x00000235bc5925e0 VMThread "VM Thread"                           [id=8172, stack(0x000000fbc6800000,0x000000fbc6900000) (1024K)]
  0x00000235a3e4ca90 WatcherThread "VM Periodic Task Thread"        [id=5904, stack(0x000000fbc6700000,0x000000fbc6800000) (1024K)]
  0x00000235a3dfc8f0 WorkerThread "GC Thread#0"                     [id=4536, stack(0x000000fbc6600000,0x000000fbc6700000) (1024K)]
  0x00000235ff88d3a0 WorkerThread "GC Thread#1"                     [id=16336, stack(0x000000fbc7200000,0x000000fbc7300000) (1024K)]
  0x00000235ff36f140 WorkerThread "GC Thread#2"                     [id=17988, stack(0x000000fbc7400000,0x000000fbc7500000) (1024K)]
  0x00000235ff88d750 WorkerThread "GC Thread#3"                     [id=3568, stack(0x000000fbc7500000,0x000000fbc7600000) (1024K)]
  0x00000235ff89a500 WorkerThread "GC Thread#4"                     [id=4848, stack(0x000000fbc7600000,0x000000fbc7700000) (1024K)]
  0x00000235ff89a8b0 WorkerThread "GC Thread#5"                     [id=11696, stack(0x000000fbc7700000,0x000000fbc7800000) (1024K)]
  0x00000235ff89ac60 WorkerThread "GC Thread#6"                     [id=19204, stack(0x000000fbc7800000,0x000000fbc7900000) (1024K)]
  0x00000235ff0e52c0 WorkerThread "GC Thread#7"                     [id=18448, stack(0x000000fbc7a00000,0x000000fbc7b00000) (1024K)]
Total: 10

Threads with active compile tasks:
Total: 0

VM state: not at safepoint (normal execution)

VM Mutex/Monitor currently owned by a thread: None

Heap address: 0x0000000080000000, size: 2048 MB, Compressed Oops mode: 32-bit

CDS archive(s) mapped at: [0x00000235bd000000-0x00000235bdba0000-0x00000235bdba0000), size 12189696, SharedBaseAddress: 0x00000235bd000000, ArchiveRelocationMode: 1.
Compressed class space mapped at: 0x00000235be000000-0x00000235fe000000, reserved size: 1073741824
Narrow klass base: 0x00000235bd000000, Narrow klass shift: 0, Narrow klass range: 0x100000000

GC Precious Log:
 CardTable entry size: 512
 CPUs: 8 total, 8 available
 Memory: 7960M
 Large Page Support: Disabled
 NUMA Support: Disabled
 Compressed Oops: Enabled (32-bit)
 Alignments: Space 512K, Generation 512K, Heap 2M
 Heap Min Capacity: 100M
 Heap Initial Capacity: 100M
 Heap Max Capacity: 2G
 Pre-touch: Disabled
 Parallel Workers: 8

Heap:
 PSYoungGen      total 22528K, used 14580K [0x00000000d5580000, 0x00000000d6c80000, 0x0000000100000000)
  eden space 22016K, 65% used [0x00000000d5580000,0x00000000d637d050,0x00000000d6b00000)
  from space 512K, 50% used [0x00000000d6c00000,0x00000000d6c40000,0x00000000d6c80000)
  to   space 512K, 0% used [0x00000000d6b80000,0x00000000d6b80000,0x00000000d6c00000)
 ParOldGen       total 68608K, used 61091K [0x0000000080000000, 0x0000000084300000, 0x00000000d5580000)
  object space 68608K, 89% used [0x0000000080000000,0x0000000083ba8e10,0x0000000084300000)
 Metaspace       used 73903K, committed 75648K, reserved 1179648K
  class space    used 9136K, committed 9920K, reserved 1048576K

Card table byte_map: [0x00000235b78e0000,0x00000235b7cf0000] _byte_map_base: 0x00000235b74e0000

Marking Bits: (ParMarkBitMap*) 0x00007ff8950a3450
 Begin Bits: [0x00000235b7fa0000, 0x00000235b9fa0000)
 End Bits:   [0x00000235b9fa0000, 0x00000235bbfa0000)

Polling page: 0x00000235a3ea0000

Metaspace:

Usage:
  Non-class:     63.25 MB used.
      Class:      8.92 MB used.
       Both:     72.17 MB used.

Virtual space:
  Non-class space:      128.00 MB reserved,      64.19 MB ( 50%) committed,  2 nodes.
      Class space:        1.00 GB reserved,       9.69 MB ( <1%) committed,  1 nodes.
             Both:        1.12 GB reserved,      73.88 MB (  6%) committed. 

Chunk freelists:
   Non-Class:  15.52 MB
       Class:  6.23 MB
        Both:  21.75 MB

MaxMetaspaceSize: unlimited
CompressedClassSpaceSize: 1.00 GB
Initial GC threshold: 21.00 MB
Current GC threshold: 97.31 MB
CDS: on
 - commit_granule_bytes: 65536.
 - commit_granule_words: 8192.
 - virtual_space_node_default_size: 8388608.
 - enlarge_chunks_in_place: 1.
 - use_allocation_guard: 0.


Internal statistics:

num_allocs_failed_limit: 9.
num_arena_births: 1522.
num_arena_deaths: 22.
num_vsnodes_births: 3.
num_vsnodes_deaths: 0.
num_space_committed: 1182.
num_space_uncommitted: 0.
num_chunks_returned_to_freelist: 35.
num_chunks_taken_from_freelist: 4865.
num_chunk_merges: 10.
num_chunk_splits: 3104.
num_chunks_enlarged: 1911.
num_inconsistent_stats: 0.

CodeHeap 'non-profiled nmethods': size=120000Kb used=9294Kb max_used=9294Kb free=110705Kb
 bounds [0x00000235b01c0000, 0x00000235b0ae0000, 0x00000235b76f0000]
CodeHeap 'profiled nmethods': size=120000Kb used=21865Kb max_used=21865Kb free=98134Kb
 bounds [0x00000235a86f0000, 0x00000235a9c50000, 0x00000235afc20000]
CodeHeap 'non-nmethods': size=5760Kb used=1417Kb max_used=1472Kb free=4342Kb
 bounds [0x00000235afc20000, 0x00000235afe90000, 0x00000235b01c0000]
CodeCache: size=245760Kb, used=32576Kb, max_used=32631Kb, free=213181Kb
 total_blobs=11217, nmethods=10501, adapters=622, full_count=0
Compilation: enabled, stopped_count=0, restarted_count=0

Compilation events (20 events):
Event: 4638.959 Thread 0x00000235ff049ca0 11343       3       jdk.xml.internal.XMLSecurityManager$NameMap::values (10 bytes)
Event: 4638.960 Thread 0x00000235ff049ca0 nmethod 11343 0x00000235a9c44f10 code [0x00000235a9c450c0, 0x00000235a9c45368]
Event: 4638.965 Thread 0x00000235ff049ca0 11344       3       com.sun.org.apache.xml.internal.serializer.SerializerBase::isInEntityRef (13 bytes)
Event: 4638.966 Thread 0x00000235ff049ca0 nmethod 11344 0x00000235a9c45410 code [0x00000235a9c455a0, 0x00000235a9c45700]
Event: 4638.966 Thread 0x00000235ff049ca0 11345  s    3       java.util.Vector::isEmpty (13 bytes)
Event: 4638.967 Thread 0x00000235ff049ca0 nmethod 11345 0x00000235a9c45790 code [0x00000235a9c45940, 0x00000235a9c45b60]
Event: 4639.105 Thread 0x00000235ff049ca0 11346       1       org.eclipse.jdt.internal.compiler.util.HashtableOfObjectToInt::size (5 bytes)
Event: 4639.107 Thread 0x00000235ff049ca0 nmethod 11346 0x00000235b0ad3710 code [0x00000235b0ad38a0, 0x00000235b0ad3968]
Event: 4639.119 Thread 0x00000235ff049ca0 11347       3       java.lang.Thread::checkAccess (14 bytes)
Event: 4639.126 Thread 0x00000235ff049ca0 nmethod 11347 0x00000235a9c45c10 code [0x00000235a9c45dc0, 0x00000235a9c45fb0]
Event: 4639.134 Thread 0x00000235ff049ca0 11348       3       java.io.ObjectOutputStream$HandleTable::assign (52 bytes)
Event: 4639.136 Thread 0x00000235ff049ca0 nmethod 11348 0x00000235a9c46090 code [0x00000235a9c46260, 0x00000235a9c464c0]
Event: 4639.148 Thread 0x00000235ff049ca0 11349       3       java.io.ObjectOutputStream$BlockDataOutputStream::writeUTF (46 bytes)
Event: 4639.152 Thread 0x00000235ff049ca0 nmethod 11349 0x00000235a9c46610 code [0x00000235a9c46820, 0x00000235a9c46c88]
Event: 4639.153 Thread 0x00000235ff049ca0 11350       3       java.io.ObjectOutputStream$BlockDataOutputStream::writeInt (46 bytes)
Event: 4639.228 Thread 0x00000235ff049ca0 nmethod 11350 0x00000235a9c46e90 code [0x00000235a9c47120, 0x00000235a9c47e20]
Event: 4639.228 Thread 0x00000235ff049ca0 11351   !   3       java.io.FilterOutputStream::close (133 bytes)
Event: 4639.237 Thread 0x00000235ff049ca0 nmethod 11351 0x00000235a9c48310 code [0x00000235a9c48540, 0x00000235a9c48d08]
Event: 4639.280 Thread 0x00000235ff049ca0 11352       3       org.eclipse.core.internal.events.ResourceDeltaFactory::computeDelta (203 bytes)
Event: 4639.368 Thread 0x00000235ff049ca0 nmethod 11352 0x00000235a9c48f90 code [0x00000235a9c492a0, 0x00000235a9c49fb0]

GC Heap History (20 events):
Event: 209.450 GC heap before
{Heap before GC invocations=60 (full 3):
 PSYoungGen      total 22528K, used 22528K [0x00000000d5580000, 0x00000000d6e00000, 0x0000000100000000)
  eden space 22016K, 100% used [0x00000000d5580000,0x00000000d6b00000,0x00000000d6b00000)
  from space 512K, 100% used [0x00000000d6d00000,0x00000000d6d80000,0x00000000d6d80000)
  to   space 1536K, 0% used [0x00000000d6b00000,0x00000000d6b00000,0x00000000d6c80000)
 ParOldGen       total 68608K, used 56765K [0x0000000080000000, 0x0000000084300000, 0x00000000d5580000)
  object space 68608K, 82% used [0x0000000080000000,0x000000008376f710,0x0000000084300000)
 Metaspace       used 68848K, committed 70272K, reserved 1114112K
  class space    used 8586K, committed 9216K, reserved 1048576K
}
Event: 209.454 GC heap after
{Heap after GC invocations=60 (full 3):
 PSYoungGen      total 23552K, used 352K [0x00000000d5580000, 0x00000000d6d80000, 0x0000000100000000)
  eden space 22016K, 0% used [0x00000000d5580000,0x00000000d5580000,0x00000000d6b00000)
  from space 1536K, 22% used [0x00000000d6b00000,0x00000000d6b58000,0x00000000d6c80000)
  to   space 1024K, 0% used [0x00000000d6c80000,0x00000000d6c80000,0x00000000d6d80000)
 ParOldGen       total 68608K, used 57277K [0x0000000080000000, 0x0000000084300000, 0x00000000d5580000)
  object space 68608K, 83% used [0x0000000080000000,0x00000000837ef710,0x0000000084300000)
 Metaspace       used 68848K, committed 70272K, reserved 1114112K
  class space    used 8586K, committed 9216K, reserved 1048576K
}
Event: 238.188 GC heap before
{Heap before GC invocations=61 (full 3):
 PSYoungGen      total 23552K, used 22346K [0x00000000d5580000, 0x00000000d6d80000, 0x0000000100000000)
  eden space 22016K, 99% used [0x00000000d5580000,0x00000000d6afaa10,0x00000000d6b00000)
  from space 1536K, 22% used [0x00000000d6b00000,0x00000000d6b58000,0x00000000d6c80000)
  to   space 1024K, 0% used [0x00000000d6c80000,0x00000000d6c80000,0x00000000d6d80000)
 ParOldGen       total 68608K, used 57277K [0x0000000080000000, 0x0000000084300000, 0x00000000d5580000)
  object space 68608K, 83% used [0x0000000080000000,0x00000000837ef710,0x0000000084300000)
 Metaspace       used 69211K, committed 70656K, reserved 1114112K
  class space    used 8624K, committed 9280K, reserved 1048576K
}
Event: 238.203 GC heap after
{Heap after GC invocations=61 (full 3):
 PSYoungGen      total 23040K, used 602K [0x00000000d5580000, 0x00000000d6d80000, 0x0000000100000000)
  eden space 22016K, 0% used [0x00000000d5580000,0x00000000d5580000,0x00000000d6b00000)
  from space 1024K, 58% used [0x00000000d6c80000,0x00000000d6d16b28,0x00000000d6d80000)
  to   space 1024K, 0% used [0x00000000d6b80000,0x00000000d6b80000,0x00000000d6c80000)
 ParOldGen       total 68608K, used 57349K [0x0000000080000000, 0x0000000084300000, 0x00000000d5580000)
  object space 68608K, 83% used [0x0000000080000000,0x0000000083801710,0x0000000084300000)
 Metaspace       used 69211K, committed 70656K, reserved 1114112K
  class space    used 8624K, committed 9280K, reserved 1048576K
}
Event: 240.657 GC heap before
{Heap before GC invocations=62 (full 3):
 PSYoungGen      total 23040K, used 22618K [0x00000000d5580000, 0x00000000d6d80000, 0x0000000100000000)
  eden space 22016K, 100% used [0x00000000d5580000,0x00000000d6b00000,0x00000000d6b00000)
  from space 1024K, 58% used [0x00000000d6c80000,0x00000000d6d16b28,0x00000000d6d80000)
  to   space 1024K, 0% used [0x00000000d6b80000,0x00000000d6b80000,0x00000000d6c80000)
 ParOldGen       total 68608K, used 57349K [0x0000000080000000, 0x0000000084300000, 0x00000000d5580000)
  object space 68608K, 83% used [0x0000000080000000,0x0000000083801710,0x0000000084300000)
 Metaspace       used 70462K, committed 72000K, reserved 1114112K
  class space    used 8763K, committed 9408K, reserved 1048576K
}
Event: 240.665 GC heap after
{Heap after GC invocations=62 (full 3):
 PSYoungGen      total 23040K, used 1017K [0x00000000d5580000, 0x00000000d6f00000, 0x0000000100000000)
  eden space 22016K, 0% used [0x00000000d5580000,0x00000000d5580000,0x00000000d6b00000)
  from space 1024K, 99% used [0x00000000d6b80000,0x00000000d6c7e490,0x00000000d6c80000)
  to   space 2048K, 0% used [0x00000000d6d00000,0x00000000d6d00000,0x00000000d6f00000)
 ParOldGen       total 68608K, used 57781K [0x0000000080000000, 0x0000000084300000, 0x00000000d5580000)
  object space 68608K, 84% used [0x0000000080000000,0x000000008386d720,0x0000000084300000)
 Metaspace       used 70462K, committed 72000K, reserved 1114112K
  class space    used 8763K, committed 9408K, reserved 1048576K
}
Event: 241.819 GC heap before
{Heap before GC invocations=63 (full 3):
 PSYoungGen      total 23040K, used 23032K [0x00000000d5580000, 0x00000000d6f00000, 0x0000000100000000)
  eden space 22016K, 99% used [0x00000000d5580000,0x00000000d6affcb0,0x00000000d6b00000)
  from space 1024K, 99% used [0x00000000d6b80000,0x00000000d6c7e490,0x00000000d6c80000)
  to   space 2048K, 0% used [0x00000000d6d00000,0x00000000d6d00000,0x00000000d6f00000)
 ParOldGen       total 68608K, used 57781K [0x0000000080000000, 0x0000000084300000, 0x00000000d5580000)
  object space 68608K, 84% used [0x0000000080000000,0x000000008386d720,0x0000000084300000)
 Metaspace       used 72390K, committed 73984K, reserved 1114112K
  class space    used 9017K, committed 9664K, reserved 1048576K
}
Event: 241.833 GC heap after
{Heap after GC invocations=63 (full 3):
 PSYoungGen      total 23040K, used 880K [0x00000000d5580000, 0x00000000d6e00000, 0x0000000100000000)
  eden space 22016K, 0% used [0x00000000d5580000,0x00000000d5580000,0x00000000d6b00000)
  from space 1024K, 85% used [0x00000000d6d00000,0x00000000d6ddc030,0x00000000d6e00000)
  to   space 1536K, 0% used [0x00000000d6b00000,0x00000000d6b00000,0x00000000d6c80000)
 ParOldGen       total 68608K, used 58807K [0x0000000080000000, 0x0000000084300000, 0x00000000d5580000)
  object space 68608K, 85% used [0x0000000080000000,0x000000008396dd38,0x0000000084300000)
 Metaspace       used 72390K, committed 73984K, reserved 1114112K
  class space    used 9017K, committed 9664K, reserved 1048576K
}
Event: 1114.217 GC heap before
{Heap before GC invocations=64 (full 3):
 PSYoungGen      total 23040K, used 22896K [0x00000000d5580000, 0x00000000d6e00000, 0x0000000100000000)
  eden space 22016K, 100% used [0x00000000d5580000,0x00000000d6b00000,0x00000000d6b00000)
  from space 1024K, 85% used [0x00000000d6d00000,0x00000000d6ddc030,0x00000000d6e00000)
  to   space 1536K, 0% used [0x00000000d6b00000,0x00000000d6b00000,0x00000000d6c80000)
 ParOldGen       total 68608K, used 58807K [0x0000000080000000, 0x0000000084300000, 0x00000000d5580000)
  object space 68608K, 85% used [0x0000000080000000,0x000000008396dd38,0x0000000084300000)
 Metaspace       used 73150K, committed 74880K, reserved 1114112K
  class space    used 9097K, committed 9856K, reserved 1048576K
}
Event: 1114.290 GC heap after
{Heap after GC invocations=64 (full 3):
 PSYoungGen      total 23552K, used 896K [0x00000000d5580000, 0x00000000d6d80000, 0x0000000100000000)
  eden space 22016K, 0% used [0x00000000d5580000,0x00000000d5580000,0x00000000d6b00000)
  from space 1536K, 58% used [0x00000000d6b00000,0x00000000d6be0000,0x00000000d6c80000)
  to   space 1024K, 0% used [0x00000000d6c80000,0x00000000d6c80000,0x00000000d6d80000)
 ParOldGen       total 68608K, used 59428K [0x0000000080000000, 0x0000000084300000, 0x00000000d5580000)
  object space 68608K, 86% used [0x0000000080000000,0x0000000083a091c0,0x0000000084300000)
 Metaspace       used 73150K, committed 74880K, reserved 1114112K
  class space    used 9097K, committed 9856K, reserved 1048576K
}
Event: 1338.158 GC heap before
{Heap before GC invocations=65 (full 3):
 PSYoungGen      total 23552K, used 22912K [0x00000000d5580000, 0x00000000d6d80000, 0x0000000100000000)
  eden space 22016K, 100% used [0x00000000d5580000,0x00000000d6b00000,0x00000000d6b00000)
  from space 1536K, 58% used [0x00000000d6b00000,0x00000000d6be0000,0x00000000d6c80000)
  to   space 1024K, 0% used [0x00000000d6c80000,0x00000000d6c80000,0x00000000d6d80000)
 ParOldGen       total 68608K, used 59428K [0x0000000080000000, 0x0000000084300000, 0x00000000d5580000)
  object space 68608K, 86% used [0x0000000080000000,0x0000000083a091c0,0x0000000084300000)
 Metaspace       used 73264K, committed 74944K, reserved 1114112K
  class space    used 9097K, committed 9856K, reserved 1048576K
}
Event: 1338.189 GC heap after
{Heap after GC invocations=65 (full 3):
 PSYoungGen      total 23040K, used 544K [0x00000000d5580000, 0x00000000d6d80000, 0x0000000100000000)
  eden space 22016K, 0% used [0x00000000d5580000,0x00000000d5580000,0x00000000d6b00000)
  from space 1024K, 53% used [0x00000000d6c80000,0x00000000d6d08010,0x00000000d6d80000)
  to   space 1024K, 0% used [0x00000000d6b80000,0x00000000d6b80000,0x00000000d6c80000)
 ParOldGen       total 68608K, used 60212K [0x0000000080000000, 0x0000000084300000, 0x00000000d5580000)
  object space 68608K, 87% used [0x0000000080000000,0x0000000083acd1c0,0x0000000084300000)
 Metaspace       used 73264K, committed 74944K, reserved 1114112K
  class space    used 9097K, committed 9856K, reserved 1048576K
}
Event: 1785.896 GC heap before
{Heap before GC invocations=66 (full 3):
 PSYoungGen      total 23040K, used 22556K [0x00000000d5580000, 0x00000000d6d80000, 0x0000000100000000)
  eden space 22016K, 99% used [0x00000000d5580000,0x00000000d6aff150,0x00000000d6b00000)
  from space 1024K, 53% used [0x00000000d6c80000,0x00000000d6d08010,0x00000000d6d80000)
  to   space 1024K, 0% used [0x00000000d6b80000,0x00000000d6b80000,0x00000000d6c80000)
 ParOldGen       total 68608K, used 60212K [0x0000000080000000, 0x0000000084300000, 0x00000000d5580000)
  object space 68608K, 87% used [0x0000000080000000,0x0000000083acd1c0,0x0000000084300000)
 Metaspace       used 73353K, committed 75072K, reserved 1179648K
  class space    used 9098K, committed 9856K, reserved 1048576K
}
Event: 1785.935 GC heap after
{Heap after GC invocations=66 (full 3):
 PSYoungGen      total 23040K, used 426K [0x00000000d5580000, 0x00000000d6d00000, 0x0000000100000000)
  eden space 22016K, 0% used [0x00000000d5580000,0x00000000d5580000,0x00000000d6b00000)
  from space 1024K, 41% used [0x00000000d6b80000,0x00000000d6beaa90,0x00000000d6c80000)
  to   space 512K, 0% used [0x00000000d6c80000,0x00000000d6c80000,0x00000000d6d00000)
 ParOldGen       total 68608K, used 60252K [0x0000000080000000, 0x0000000084300000, 0x00000000d5580000)
  object space 68608K, 87% used [0x0000000080000000,0x0000000083ad71c0,0x0000000084300000)
 Metaspace       used 73353K, committed 75072K, reserved 1179648K
  class space    used 9098K, committed 9856K, reserved 1048576K
}
Event: 1810.262 GC heap before
{Heap before GC invocations=67 (full 3):
 PSYoungGen      total 23040K, used 22442K [0x00000000d5580000, 0x00000000d6d00000, 0x0000000100000000)
  eden space 22016K, 99% used [0x00000000d5580000,0x00000000d6afffe8,0x00000000d6b00000)
  from space 1024K, 41% used [0x00000000d6b80000,0x00000000d6beaa90,0x00000000d6c80000)
  to   space 512K, 0% used [0x00000000d6c80000,0x00000000d6c80000,0x00000000d6d00000)
 ParOldGen       total 68608K, used 60252K [0x0000000080000000, 0x0000000084300000, 0x00000000d5580000)
  object space 68608K, 87% used [0x0000000080000000,0x0000000083ad71c0,0x0000000084300000)
 Metaspace       used 73686K, committed 75456K, reserved 1179648K
  class space    used 9136K, committed 9920K, reserved 1048576K
}
Event: 1810.266 GC heap after
{Heap after GC invocations=67 (full 3):
 PSYoungGen      total 22528K, used 512K [0x00000000d5580000, 0x00000000d6d00000, 0x0000000100000000)
  eden space 22016K, 0% used [0x00000000d5580000,0x00000000d5580000,0x00000000d6b00000)
  from space 512K, 100% used [0x00000000d6c80000,0x00000000d6d00000,0x00000000d6d00000)
  to   space 1024K, 0% used [0x00000000d6b00000,0x00000000d6b00000,0x00000000d6c00000)
 ParOldGen       total 68608K, used 60516K [0x0000000080000000, 0x0000000084300000, 0x00000000d5580000)
  object space 68608K, 88% used [0x0000000080000000,0x0000000083b191e0,0x0000000084300000)
 Metaspace       used 73686K, committed 75456K, reserved 1179648K
  class space    used 9136K, committed 9920K, reserved 1048576K
}
Event: 1830.709 GC heap before
{Heap before GC invocations=68 (full 3):
 PSYoungGen      total 22528K, used 22528K [0x00000000d5580000, 0x00000000d6d00000, 0x0000000100000000)
  eden space 22016K, 100% used [0x00000000d5580000,0x00000000d6b00000,0x00000000d6b00000)
  from space 512K, 100% used [0x00000000d6c80000,0x00000000d6d00000,0x00000000d6d00000)
  to   space 1024K, 0% used [0x00000000d6b00000,0x00000000d6b00000,0x00000000d6c00000)
 ParOldGen       total 68608K, used 60516K [0x0000000080000000, 0x0000000084300000, 0x00000000d5580000)
  object space 68608K, 88% used [0x0000000080000000,0x0000000083b191e0,0x0000000084300000)
 Metaspace       used 73740K, committed 75456K, reserved 1179648K
  class space    used 9136K, committed 9920K, reserved 1048576K
}
Event: 1830.720 GC heap after
{Heap after GC invocations=68 (full 3):
 PSYoungGen      total 23040K, used 544K [0x00000000d5580000, 0x00000000d6d00000, 0x0000000100000000)
  eden space 22016K, 0% used [0x00000000d5580000,0x00000000d5580000,0x00000000d6b00000)
  from space 1024K, 53% used [0x00000000d6b00000,0x00000000d6b88000,0x00000000d6c00000)
  to   space 1024K, 0% used [0x00000000d6c00000,0x00000000d6c00000,0x00000000d6d00000)
 ParOldGen       total 68608K, used 60992K [0x0000000080000000, 0x0000000084300000, 0x00000000d5580000)
  object space 68608K, 88% used [0x0000000080000000,0x0000000083b901f0,0x0000000084300000)
 Metaspace       used 73740K, committed 75456K, reserved 1179648K
  class space    used 9136K, committed 9920K, reserved 1048576K
}
Event: 2280.078 GC heap before
{Heap before GC invocations=69 (full 3):
 PSYoungGen      total 23040K, used 22559K [0x00000000d5580000, 0x00000000d6d00000, 0x0000000100000000)
  eden space 22016K, 99% used [0x00000000d5580000,0x00000000d6afff98,0x00000000d6b00000)
  from space 1024K, 53% used [0x00000000d6b00000,0x00000000d6b88000,0x00000000d6c00000)
  to   space 1024K, 0% used [0x00000000d6c00000,0x00000000d6c00000,0x00000000d6d00000)
 ParOldGen       total 68608K, used 60992K [0x0000000080000000, 0x0000000084300000, 0x00000000d5580000)
  object space 68608K, 88% used [0x0000000080000000,0x0000000083b901f0,0x0000000084300000)
 Metaspace       used 73812K, committed 75584K, reserved 1179648K
  class space    used 9136K, committed 9920K, reserved 1048576K
}
Event: 2280.108 GC heap after
{Heap after GC invocations=69 (full 3):
 PSYoungGen      total 22528K, used 256K [0x00000000d5580000, 0x00000000d6c80000, 0x0000000100000000)
  eden space 22016K, 0% used [0x00000000d5580000,0x00000000d5580000,0x00000000d6b00000)
  from space 512K, 50% used [0x00000000d6c00000,0x00000000d6c40000,0x00000000d6c80000)
  to   space 512K, 0% used [0x00000000d6b80000,0x00000000d6b80000,0x00000000d6c00000)
 ParOldGen       total 68608K, used 61091K [0x0000000080000000, 0x0000000084300000, 0x00000000d5580000)
  object space 68608K, 89% used [0x0000000080000000,0x0000000083ba8e10,0x0000000084300000)
 Metaspace       used 73812K, committed 75584K, reserved 1179648K
  class space    used 9136K, committed 9920K, reserved 1048576K
}

Dll operation events (15 events):
Event: 0.053 Loaded shared library c:\Users\YASSINE\.antigravity\extensions\redhat.java-1.54.0-win32-x64\jre\21.0.10-win32-x86_64\bin\java.dll
Event: 0.454 Loaded shared library c:\Users\YASSINE\.antigravity\extensions\redhat.java-1.54.0-win32-x64\jre\21.0.10-win32-x86_64\bin\zip.dll
Event: 0.520 Loaded shared library C:\Users\YASSINE\.antigravity\extensions\redhat.java-1.54.0-win32-x64\jre\21.0.10-win32-x86_64\bin\instrument.dll
Event: 0.546 Loaded shared library C:\Users\YASSINE\.antigravity\extensions\redhat.java-1.54.0-win32-x64\jre\21.0.10-win32-x86_64\bin\net.dll
Event: 0.550 Loaded shared library C:\Users\YASSINE\.antigravity\extensions\redhat.java-1.54.0-win32-x64\jre\21.0.10-win32-x86_64\bin\nio.dll
Event: 0.572 Loaded shared library C:\Users\YASSINE\.antigravity\extensions\redhat.java-1.54.0-win32-x64\jre\21.0.10-win32-x86_64\bin\zip.dll
Event: 0.663 Loaded shared library C:\Users\YASSINE\.antigravity\extensions\redhat.java-1.54.0-win32-x64\jre\21.0.10-win32-x86_64\bin\jimage.dll
Event: 0.877 Loaded shared library c:\Users\YASSINE\.antigravity\extensions\redhat.java-1.54.0-win32-x64\jre\21.0.10-win32-x86_64\bin\verify.dll
Event: 23.203 Loaded shared library C:\Users\YASSINE\AppData\Roaming\Antigravity\User\globalStorage\redhat.java\1.54.0\config_win\org.eclipse.equinox.launcher\org.eclipse.equinox.launcher.win32.win32.x86_64_1.3.0.v20260203-2149\eclipse_11919.dll
Event: 38.153 Loaded shared library C:\Users\YASSINE\AppData\Local\Temp\jna--676458664\jna12607311655209480767.dll
Event: 53.906 Loaded shared library C:\Users\YASSINE\.gradle\native\660c5614fbf4a5f2a75b1949f50a0caf5cd603558e7d8a26e50b933a0cfb79d1\windows-amd64\native-platform.dll
Event: 55.368 Loaded shared library C:\Users\YASSINE\.antigravity\extensions\redhat.java-1.54.0-win32-x64\jre\21.0.10-win32-x86_64\bin\management.dll
Event: 55.374 Loaded shared library C:\Users\YASSINE\.antigravity\extensions\redhat.java-1.54.0-win32-x64\jre\21.0.10-win32-x86_64\bin\management_ext.dll
Event: 63.868 Loaded shared library C:\Users\YASSINE\.antigravity\extensions\redhat.java-1.54.0-win32-x64\jre\21.0.10-win32-x86_64\bin\extnet.dll
Event: 78.667 Loaded shared library C:\Users\YASSINE\.antigravity\extensions\redhat.java-1.54.0-win32-x64\jre\21.0.10-win32-x86_64\bin\sunmscapi.dll

Deoptimization events (20 events):
Event: 1796.365 Thread 0x00000235ff7c8000 Uncommon trap: trap_request=0xffffff45 fr.pc=0x00000235b0a264e8 relative=0x00000000000001a8
Event: 1796.434 Thread 0x00000235ff7c8000 Uncommon trap: reason=unstable_if action=reinterpret pc=0x00000235b0a264e8 method=com.esotericsoftware.kryo.io.Input.readVarLong(Z)J @ 84 c2
Event: 1796.434 Thread 0x00000235ff7c8000 DEOPT PACKING pc=0x00000235b0a264e8 sp=0x000000fbc84fe4f0
Event: 1796.532 Thread 0x00000235ff7c8000 DEOPT UNPACKING pc=0x00000235afc76da2 sp=0x000000fbc84fe470 mode 2
Event: 1808.533 Thread 0x00000235ff7c8690 DEOPT PACKING pc=0x00000235a90710c8 sp=0x000000fbc84fe600
Event: 1808.534 Thread 0x00000235ff7c8690 DEOPT UNPACKING pc=0x00000235afc778e2 sp=0x000000fbc84fdaa8 mode 0
Event: 1808.554 Thread 0x00000235ff7c8690 DEOPT PACKING pc=0x00000235a90e835b sp=0x000000fbc84fd840
Event: 1808.554 Thread 0x00000235ff7c8690 DEOPT UNPACKING pc=0x00000235afc778e2 sp=0x000000fbc84fccd8 mode 0
Event: 2219.343 Thread 0x0000023586128770 DEOPT PACKING pc=0x00000235a9843f01 sp=0x000000fbc96fe500
Event: 2219.343 Thread 0x0000023586128770 DEOPT UNPACKING pc=0x00000235afc778e2 sp=0x000000fbc96fd9c0 mode 0
Event: 3282.235 Thread 0x00000235ff7c6c50 Uncommon trap: trap_request=0xffffff45 fr.pc=0x00000235b09e3f54 relative=0x0000000000000774
Event: 3282.235 Thread 0x00000235ff7c6c50 Uncommon trap: reason=unstable_if action=reinterpret pc=0x00000235b09e3f54 method=org.eclipse.core.internal.dtree.DataTreeNode.asReverseComparisonNode(Lorg/eclipse/core/internal/dtree/IComparator;)Lorg/eclipse/core/internal/dtree/AbstractDataTreeNode; @ 9
Event: 3282.236 Thread 0x00000235ff7c6c50 DEOPT PACKING pc=0x00000235b09e3f54 sp=0x000000fbc7ffe550
Event: 3282.238 Thread 0x00000235ff7c6c50 DEOPT UNPACKING pc=0x00000235afc76da2 sp=0x000000fbc7ffe518 mode 2
Event: 3564.095 Thread 0x00000235ffb70ea0 DEOPT PACKING pc=0x00000235a9bc47ab sp=0x000000fbc64ff040
Event: 3564.102 Thread 0x00000235ffb70ea0 DEOPT UNPACKING pc=0x00000235afc778e2 sp=0x000000fbc64fe528 mode 0
Event: 3849.410 Thread 0x00000235ffb6f460 DEOPT PACKING pc=0x00000235a9bc47ab sp=0x000000fbca4ff370
Event: 3849.414 Thread 0x00000235ffb6f460 DEOPT UNPACKING pc=0x00000235afc778e2 sp=0x000000fbca4fe858 mode 0
Event: 4482.118 Thread 0x00000235ffb749b0 DEOPT PACKING pc=0x00000235a9bc47ab sp=0x000000fbca7ff4e0
Event: 4482.234 Thread 0x00000235ffb749b0 DEOPT UNPACKING pc=0x00000235afc778e2 sp=0x000000fbca7fe9c8 mode 0

Classes loaded (20 events):
Event: 241.404 Loading class java/lang/invoke/BoundMethodHandle$Species_LLLLLLLLLLLLLLLLLLLLLL
Event: 241.404 Loading class java/lang/invoke/BoundMethodHandle$Species_LLLLLLLLLLLLLLLLLLLLLL done
Event: 241.488 Loading class sun/security/provider/SHA5$SHA512
Event: 241.489 Loading class sun/security/provider/SHA5
Event: 241.489 Loading class sun/security/provider/SHA5 done
Event: 241.489 Loading class sun/security/provider/SHA5$SHA512 done
Event: 241.553 Loading class java/nio/file/AtomicMoveNotSupportedException
Event: 241.554 Loading class java/nio/file/AtomicMoveNotSupportedException done
Event: 241.698 Loading class java/util/stream/ReferencePipeline$15
Event: 241.699 Loading class java/util/stream/ReferencePipeline$15 done
Event: 241.712 Loading class java/util/stream/ReferencePipeline$15$1
Event: 241.713 Loading class java/util/stream/ReferencePipeline$15$1 done
Event: 359.174 Loading class java/util/stream/Nodes$CollectorTask$OfRef
Event: 359.181 Loading class java/util/stream/Nodes$CollectorTask
Event: 359.184 Loading class java/util/stream/Nodes$CollectorTask done
Event: 359.184 Loading class java/util/stream/Nodes$CollectorTask$OfRef done
Event: 359.188 Loading class java/util/stream/Nodes$ConcNode
Event: 359.192 Loading class java/util/stream/Nodes$AbstractConcNode
Event: 359.195 Loading class java/util/stream/Nodes$AbstractConcNode done
Event: 359.195 Loading class java/util/stream/Nodes$ConcNode done

Classes unloaded (11 events):
Event: 39.253 Thread 0x00000235bc5925e0 Unloading class 0x00000235be1bd000 'java/lang/invoke/LambdaForm$MH+0x00000235be1bd000'
Event: 39.253 Thread 0x00000235bc5925e0 Unloading class 0x00000235be1bcc00 'java/lang/invoke/LambdaForm$MH+0x00000235be1bcc00'
Event: 39.253 Thread 0x00000235bc5925e0 Unloading class 0x00000235be1bc800 'java/lang/invoke/LambdaForm$MH+0x00000235be1bc800'
Event: 39.253 Thread 0x00000235bc5925e0 Unloading class 0x00000235be1bc400 'java/lang/invoke/LambdaForm$MH+0x00000235be1bc400'
Event: 39.253 Thread 0x00000235bc5925e0 Unloading class 0x00000235be1bc000 'java/lang/invoke/LambdaForm$BMH+0x00000235be1bc000'
Event: 39.253 Thread 0x00000235bc5925e0 Unloading class 0x00000235be1bbc00 'java/lang/invoke/LambdaForm$DMH+0x00000235be1bbc00'
Event: 39.253 Thread 0x00000235bc5925e0 Unloading class 0x00000235be1ba800 'java/lang/invoke/LambdaForm$DMH+0x00000235be1ba800'
Event: 43.484 Thread 0x00000235bc5925e0 Unloading class 0x00000235be304800 'java/lang/invoke/LambdaForm$MH+0x00000235be304800'
Event: 43.484 Thread 0x00000235bc5925e0 Unloading class 0x00000235be303c00 'java/lang/invoke/LambdaForm$MH+0x00000235be303c00'
Event: 43.484 Thread 0x00000235bc5925e0 Unloading class 0x00000235be303400 'java/lang/invoke/LambdaForm$MH+0x00000235be303400'
Event: 43.484 Thread 0x00000235bc5925e0 Unloading class 0x00000235be2da000 'java/lang/invoke/LambdaForm$MH+0x00000235be2da000'

Classes redefined (0 events):
No events

Internal exceptions (20 events):
Event: 1703.794 Thread 0x000002358612f070 Exception <a 'sun/nio/fs/WindowsException'{0x00000000d69ebb68}> (0x00000000d69ebb68) 
thrown [s\src\hotspot\share\prims\jni.cpp, line 520]
Event: 1703.799 Thread 0x000002358612f070 Exception <a 'sun/nio/fs/WindowsException'{0x00000000d69f8680}> (0x00000000d69f8680) 
thrown [s\src\hotspot\share\prims\jni.cpp, line 520]
Event: 1786.355 Thread 0x00000235ff7c8000 Exception <a 'java/lang/NoSuchMethodError'{0x00000000d5989ea0}: static Lorg/gradle/plugins/ide/internal/tooling/model/DefaultGradleProject;.<clinit>()V> (0x00000000d5989ea0) 
thrown [s\src\hotspot\share\prims\jni.cpp, line 1111]
Event: 1786.371 Thread 0x00000235ff7c8000 Exception <a 'java/lang/NoSuchMethodError'{0x00000000d599dec8}: static Lorg/gradle/plugins/ide/internal/tooling/model/DefaultGradleScript;.<clinit>()V> (0x00000000d599dec8) 
thrown [s\src\hotspot\share\prims\jni.cpp, line 1111]
Event: 1786.584 Thread 0x00000235ff7c8000 Exception <a 'java/lang/NoSuchMethodError'{0x00000000d5acd668}: static Lorg/gradle/tooling/internal/gradle/DefaultProjectIdentifier;.<clinit>()V> (0x00000000d5acd668) 
thrown [s\src\hotspot\share\prims\jni.cpp, line 1111]
Event: 1786.591 Thread 0x00000235ff7c8000 Exception <a 'java/lang/NoSuchMethodError'{0x00000000d5adc030}: static Lorg/gradle/tooling/internal/gradle/DefaultBuildIdentifier;.<clinit>()V> (0x00000000d5adc030) 
thrown [s\src\hotspot\share\prims\jni.cpp, line 1111]
Event: 1786.624 Thread 0x00000235ff7c8000 Exception <a 'java/lang/NoSuchMethodError'{0x00000000d5b1f0e0}: static Lorg/gradle/plugins/ide/internal/tooling/model/LaunchableGradleTask;.<clinit>()V> (0x00000000d5b1f0e0) 
thrown [s\src\hotspot\share\prims\jni.cpp, line 1111]
Event: 1786.625 Thread 0x00000235ff7c8000 Exception <a 'java/lang/NoSuchMethodError'{0x00000000d5b24cd0}: static Lorg/gradle/plugins/ide/internal/tooling/model/LaunchableGradleProjectTask;.<clinit>()V> (0x00000000d5b24cd0) 
thrown [s\src\hotspot\share\prims\jni.cpp, line 1111]
Event: 2087.326 Thread 0x00000235ff7c6c50 Exception <a 'sun/nio/fs/WindowsException'{0x00000000d58a78f8}> (0x00000000d58a78f8) 
thrown [s\src\hotspot\share\prims\jni.cpp, line 520]
Event: 2087.329 Thread 0x00000235ff7c6c50 Exception <a 'sun/nio/fs/WindowsException'{0x00000000d58b2560}> (0x00000000d58b2560) 
thrown [s\src\hotspot\share\prims\jni.cpp, line 520]
Event: 2401.368 Thread 0x000002358612f070 Exception <a 'sun/nio/fs/WindowsException'{0x00000000d5a89fd0}> (0x00000000d5a89fd0) 
thrown [s\src\hotspot\share\prims\jni.cpp, line 520]
Event: 2401.369 Thread 0x000002358612f070 Exception <a 'sun/nio/fs/WindowsException'{0x00000000d5a96c80}> (0x00000000d5a96c80) 
thrown [s\src\hotspot\share\prims\jni.cpp, line 520]
Event: 2813.985 Thread 0x00000235ff7c6c50 Exception <a 'sun/nio/fs/WindowsException'{0x00000000d60b0148}> (0x00000000d60b0148) 
thrown [s\src\hotspot\share\prims\jni.cpp, line 520]
Event: 2813.987 Thread 0x00000235ff7c6c50 Exception <a 'sun/nio/fs/WindowsException'{0x00000000d60b0a28}> (0x00000000d60b0a28) 
thrown [s\src\hotspot\share\prims\jni.cpp, line 520]
Event: 3585.232 Thread 0x00000235ff7c6c50 Exception <a 'sun/nio/fs/WindowsException'{0x00000000d616a250}> (0x00000000d616a250) 
thrown [s\src\hotspot\share\prims\jni.cpp, line 520]
Event: 3585.235 Thread 0x00000235ff7c6c50 Exception <a 'sun/nio/fs/WindowsException'{0x00000000d616ab30}> (0x00000000d616ab30) 
thrown [s\src\hotspot\share\prims\jni.cpp, line 520]
Event: 3907.976 Thread 0x000002358612f070 Exception <a 'sun/nio/fs/WindowsException'{0x00000000d6213b68}> (0x00000000d6213b68) 
thrown [s\src\hotspot\share\prims\jni.cpp, line 520]
Event: 3907.988 Thread 0x000002358612f070 Exception <a 'sun/nio/fs/WindowsException'{0x00000000d6214448}> (0x00000000d6214448) 
thrown [s\src\hotspot\share\prims\jni.cpp, line 520]
Event: 4639.082 Thread 0x00000235ff7c6c50 Exception <a 'sun/nio/fs/WindowsException'{0x00000000d6339860}> (0x00000000d6339860) 
thrown [s\src\hotspot\share\prims\jni.cpp, line 520]
Event: 4639.087 Thread 0x00000235ff7c6c50 Exception <a 'sun/nio/fs/WindowsException'{0x00000000d633a140}> (0x00000000d633a140) 
thrown [s\src\hotspot\share\prims\jni.cpp, line 520]

ZGC Phase Switch (0 events):
No events

VM Operations (20 events):
Event: 3969.740 Executing non-safepoint VM operation: RendezvousGCThreads
Event: 3969.740 Executing non-safepoint VM operation: RendezvousGCThreads done
Event: 4330.464 Executing non-safepoint VM operation: HandshakeAllThreads (HandshakeForDeflation)
Event: 4331.147 Executing non-safepoint VM operation: HandshakeAllThreads (HandshakeForDeflation) done
Event: 4331.147 Executing non-safepoint VM operation: RendezvousGCThreads
Event: 4331.147 Executing non-safepoint VM operation: RendezvousGCThreads done
Event: 4339.208 Executing safepoint VM operation: Cleanup
Event: 4339.208 Executing safepoint VM operation: Cleanup done
Event: 4390.249 Executing non-safepoint VM operation: HandshakeAllThreads (HandshakeForDeflation)
Event: 4390.249 Executing non-safepoint VM operation: HandshakeAllThreads (HandshakeForDeflation) done
Event: 4390.249 Executing non-safepoint VM operation: RendezvousGCThreads
Event: 4390.249 Executing non-safepoint VM operation: RendezvousGCThreads done
Event: 4690.483 Executing non-safepoint VM operation: HandshakeAllThreads (HandshakeForDeflation)
Event: 4690.483 Executing non-safepoint VM operation: HandshakeAllThreads (HandshakeForDeflation) done
Event: 4690.483 Executing non-safepoint VM operation: RendezvousGCThreads
Event: 4690.483 Executing non-safepoint VM operation: RendezvousGCThreads done
Event: 4750.701 Executing non-safepoint VM operation: HandshakeAllThreads (HandshakeForDeflation)
Event: 4750.702 Executing non-safepoint VM operation: HandshakeAllThreads (HandshakeForDeflation) done
Event: 4750.702 Executing non-safepoint VM operation: RendezvousGCThreads
Event: 4750.702 Executing non-safepoint VM operation: RendezvousGCThreads done

Memory protections (0 events):
No events

Nmethod flushes (20 events):
Event: 59.712 Thread 0x00000235bc5925e0 flushing  nmethod 0x00000235a9092390
Event: 59.712 Thread 0x00000235bc5925e0 flushing  nmethod 0x00000235a9099290
Event: 59.712 Thread 0x00000235bc5925e0 flushing  nmethod 0x00000235a9099e90
Event: 59.712 Thread 0x00000235bc5925e0 flushing  nmethod 0x00000235a909b790
Event: 59.712 Thread 0x00000235bc5925e0 flushing  nmethod 0x00000235a909bd90
Event: 59.712 Thread 0x00000235bc5925e0 flushing  nmethod 0x00000235a909d310
Event: 59.712 Thread 0x00000235bc5925e0 flushing  nmethod 0x00000235a909d690
Event: 59.712 Thread 0x00000235bc5925e0 flushing  nmethod 0x00000235a909df10
Event: 59.712 Thread 0x00000235bc5925e0 flushing  nmethod 0x00000235a90a0210
Event: 59.712 Thread 0x00000235bc5925e0 flushing  nmethod 0x00000235a90a1190
Event: 59.712 Thread 0x00000235bc5925e0 flushing  nmethod 0x00000235a90a2290
Event: 59.712 Thread 0x00000235bc5925e0 flushing  nmethod 0x00000235a90b5610
Event: 59.712 Thread 0x00000235bc5925e0 flushing  nmethod 0x00000235a90c5410
Event: 59.712 Thread 0x00000235bc5925e0 flushing  nmethod 0x00000235a90e0210
Event: 59.712 Thread 0x00000235bc5925e0 flushing  nmethod 0x00000235a90e1210
Event: 59.712 Thread 0x00000235bc5925e0 flushing  nmethod 0x00000235a90eb910
Event: 59.712 Thread 0x00000235bc5925e0 flushing  nmethod 0x00000235a90eed10
Event: 59.712 Thread 0x00000235bc5925e0 flushing  nmethod 0x00000235a9143d10
Event: 59.712 Thread 0x00000235bc5925e0 flushing  nmethod 0x00000235a9147990
Event: 59.712 Thread 0x00000235bc5925e0 flushing  nmethod 0x00000235a9149390

Events (20 events):
Event: 2535.078 Thread 0x0000023586128770 Thread added: 0x00000235ff7c93b0
Event: 2538.776 Thread 0x00000235ff7c93b0 Thread exited: 0x00000235ff7c93b0
Event: 2813.954 Thread 0x00000235ff7c6c50 Thread added: 0x00000235ff7c8000
Event: 2813.962 Thread 0x00000235ff7c8000 Thread exited: 0x00000235ff7c8000
Event: 2813.996 Thread 0x00000235ff7c6c50 Thread added: 0x00000235ff7c8000
Event: 2813.998 Thread 0x00000235ff7c8000 Thread exited: 0x00000235ff7c8000
Event: 3585.162 Thread 0x00000235ff7c6c50 Thread added: 0x00000235ff7c8000
Event: 3585.184 Thread 0x00000235ff7c8000 Thread exited: 0x00000235ff7c8000
Event: 3585.251 Thread 0x00000235ff7c6c50 Thread added: 0x00000235ff7c93b0
Event: 3585.252 Thread 0x00000235ff7c93b0 Thread exited: 0x00000235ff7c93b0
Event: 3907.780 Thread 0x000002358612f070 Thread added: 0x00000235ff7c8000
Event: 3907.840 Thread 0x00000235ff7c8000 Thread exited: 0x00000235ff7c8000
Event: 3908.042 Thread 0x000002358612f070 Thread added: 0x00000235ff7c93b0
Event: 3908.044 Thread 0x00000235ff7c93b0 Thread exited: 0x00000235ff7c93b0
Event: 4639.002 Thread 0x00000235ff7c6c50 Thread added: 0x00000235ff7c93b0
Event: 4639.020 Thread 0x00000235ff7c93b0 Thread exited: 0x00000235ff7c93b0
Event: 4639.118 Thread 0x00000235ff7c6c50 Thread added: 0x00000235ff7c8000
Event: 4639.121 Thread 0x00000235ff7c8000 Thread exited: 0x00000235ff7c8000
Event: 4639.400 Thread 0x000002358612f070 Thread added: 0x00000235ff7c93b0
Event: 4701.626 Thread 0x00000235ff7c6c50 Thread exited: 0x00000235ff7c6c50


Dynamic libraries:
0x00007ff61bc30000 - 0x00007ff61bc3e000 	c:\Users\YASSINE\.antigravity\extensions\redhat.java-1.54.0-win32-x64\jre\21.0.10-win32-x86_64\bin\java.exe
0x00007ff9691e0000 - 0x00007ff969447000 	C:\WINDOWS\SYSTEM32\ntdll.dll
0x00007ff967840000 - 0x00007ff967909000 	C:\WINDOWS\System32\KERNEL32.DLL
0x00007ff966750000 - 0x00007ff966b44000 	C:\WINDOWS\System32\KERNELBASE.dll
0x00007ff966490000 - 0x00007ff9665db000 	C:\WINDOWS\System32\ucrtbase.dll
0x00007ff951fc0000 - 0x00007ff951fd8000 	c:\Users\YASSINE\.antigravity\extensions\redhat.java-1.54.0-win32-x64\jre\21.0.10-win32-x86_64\bin\jli.dll
0x00007ff966f70000 - 0x00007ff967135000 	C:\WINDOWS\System32\USER32.dll
0x00007ff9665e0000 - 0x00007ff966607000 	C:\WINDOWS\System32\win32u.dll
0x00007ff951b10000 - 0x00007ff951b2e000 	c:\Users\YASSINE\.antigravity\extensions\redhat.java-1.54.0-win32-x64\jre\21.0.10-win32-x86_64\bin\VCRUNTIME140.dll
0x00007ff967810000 - 0x00007ff96783b000 	C:\WINDOWS\System32\GDI32.dll
0x00007ff966e40000 - 0x00007ff966f6b000 	C:\WINDOWS\System32\gdi32full.dll
0x00007ff94b4c0000 - 0x00007ff94b753000 	C:\WINDOWS\WinSxS\amd64_microsoft.windows.common-controls_6595b64144ccf1df_6.0.26100.8115_none_3e075c82e3354f9c\COMCTL32.dll
0x00007ff966610000 - 0x00007ff9666b3000 	C:\WINDOWS\System32\msvcp_win.dll
0x00007ff9671c0000 - 0x00007ff967269000 	C:\WINDOWS\System32\msvcrt.dll
0x00007ff968600000 - 0x00007ff968632000 	C:\WINDOWS\System32\IMM32.DLL
0x00007ff95dee0000 - 0x00007ff95deec000 	c:\Users\YASSINE\.antigravity\extensions\redhat.java-1.54.0-win32-x64\jre\21.0.10-win32-x86_64\bin\vcruntime140_1.dll
0x00007ff950420000 - 0x00007ff9504ad000 	c:\Users\YASSINE\.antigravity\extensions\redhat.java-1.54.0-win32-x64\jre\21.0.10-win32-x86_64\bin\msvcp140.dll
0x00007ff8943e0000 - 0x00007ff895181000 	c:\Users\YASSINE\.antigravity\extensions\redhat.java-1.54.0-win32-x64\jre\21.0.10-win32-x86_64\bin\server\jvm.dll
0x00007ff968280000 - 0x00007ff968336000 	C:\WINDOWS\System32\ADVAPI32.dll
0x00007ff9672d0000 - 0x00007ff967377000 	C:\WINDOWS\System32\sechost.dll
0x00007ff967f00000 - 0x00007ff968018000 	C:\WINDOWS\System32\RPCRT4.dll
0x00007ff967950000 - 0x00007ff9679d0000 	C:\WINDOWS\System32\WS2_32.dll
0x00007ff965930000 - 0x00007ff96598e000 	C:\WINDOWS\SYSTEM32\POWRPROF.dll
0x00007ff94db90000 - 0x00007ff94dbc6000 	C:\WINDOWS\SYSTEM32\WINMM.dll
0x00007ff9575e0000 - 0x00007ff9575eb000 	C:\WINDOWS\SYSTEM32\VERSION.dll
0x00007ff965910000 - 0x00007ff965924000 	C:\WINDOWS\SYSTEM32\UMPDC.dll
0x00007ff964820000 - 0x00007ff96483b000 	C:\WINDOWS\SYSTEM32\kernel.appcore.dll
0x00007ff951ca0000 - 0x00007ff951caa000 	c:\Users\YASSINE\.antigravity\extensions\redhat.java-1.54.0-win32-x64\jre\21.0.10-win32-x86_64\bin\jimage.dll
0x00007ff95da80000 - 0x00007ff95dcc2000 	C:\WINDOWS\SYSTEM32\DBGHELP.DLL
0x00007ff9679e0000 - 0x00007ff967d62000 	C:\WINDOWS\System32\combase.dll
0x00007ff968340000 - 0x00007ff968418000 	C:\WINDOWS\System32\OLEAUT32.dll
0x00007ff945f40000 - 0x00007ff945f7b000 	C:\WINDOWS\SYSTEM32\dbgcore.DLL
0x00007ff9663e0000 - 0x00007ff966485000 	C:\WINDOWS\System32\bcryptPrimitives.dll
0x00007ff951f40000 - 0x00007ff951f4f000 	c:\Users\YASSINE\.antigravity\extensions\redhat.java-1.54.0-win32-x64\jre\21.0.10-win32-x86_64\bin\instrument.dll
0x00007ff951a60000 - 0x00007ff951a80000 	c:\Users\YASSINE\.antigravity\extensions\redhat.java-1.54.0-win32-x64\jre\21.0.10-win32-x86_64\bin\java.dll
0x00007ff968880000 - 0x00007ff968fe7000 	C:\WINDOWS\System32\SHELL32.dll
0x00007ff966b50000 - 0x00007ff966cba000 	C:\WINDOWS\System32\wintypes.dll
0x00007ff965b70000 - 0x00007ff9663d8000 	C:\WINDOWS\System32\windows.storage.dll
0x00007ff967df0000 - 0x00007ff967ee8000 	C:\WINDOWS\System32\SHCORE.dll
0x00007ff967140000 - 0x00007ff9671a6000 	C:\WINDOWS\System32\shlwapi.dll
0x00007ff9659d0000 - 0x00007ff9659f9000 	C:\WINDOWS\SYSTEM32\profapi.dll
0x00007ff9514f0000 - 0x00007ff951508000 	c:\Users\YASSINE\.antigravity\extensions\redhat.java-1.54.0-win32-x64\jre\21.0.10-win32-x86_64\bin\zip.dll
0x00007ff951360000 - 0x00007ff951370000 	C:\Users\YASSINE\.antigravity\extensions\redhat.java-1.54.0-win32-x64\jre\21.0.10-win32-x86_64\bin\net.dll
0x00007ff95d270000 - 0x00007ff95d39d000 	C:\WINDOWS\SYSTEM32\WINHTTP.dll
0x00007ff964db0000 - 0x00007ff964e1c000 	C:\WINDOWS\system32\mswsock.dll
0x00007ff951340000 - 0x00007ff951356000 	C:\Users\YASSINE\.antigravity\extensions\redhat.java-1.54.0-win32-x64\jre\21.0.10-win32-x86_64\bin\nio.dll
0x00007ff951330000 - 0x00007ff951340000 	c:\Users\YASSINE\.antigravity\extensions\redhat.java-1.54.0-win32-x64\jre\21.0.10-win32-x86_64\bin\verify.dll
0x00007ff951380000 - 0x00007ff9513c5000 	C:\Users\YASSINE\AppData\Roaming\Antigravity\User\globalStorage\redhat.java\1.54.0\config_win\org.eclipse.equinox.launcher\org.eclipse.equinox.launcher.win32.win32.x86_64_1.3.0.v20260203-2149\eclipse_11919.dll
0x00007ff9680e0000 - 0x00007ff968277000 	C:\WINDOWS\System32\ole32.dll
0x00007ff965090000 - 0x00007ff9650ab000 	C:\WINDOWS\SYSTEM32\CRYPTSP.dll
0x00007ff964780000 - 0x00007ff9647b9000 	C:\WINDOWS\system32\rsaenh.dll
0x00007ff964e60000 - 0x00007ff964e93000 	C:\WINDOWS\SYSTEM32\USERENV.dll
0x00007ff9659a0000 - 0x00007ff9659ca000 	C:\WINDOWS\SYSTEM32\bcrypt.dll
0x00007ff9650b0000 - 0x00007ff9650bc000 	C:\WINDOWS\SYSTEM32\CRYPTBASE.dll
0x00007ff9641f0000 - 0x00007ff964222000 	C:\WINDOWS\SYSTEM32\IPHLPAPI.DLL
0x00007ff9672c0000 - 0x00007ff9672ca000 	C:\WINDOWS\System32\NSI.dll
0x00007ff94dad0000 - 0x00007ff94db19000 	C:\Users\YASSINE\AppData\Local\Temp\jna--676458664\jna12607311655209480767.dll
0x00007ff967940000 - 0x00007ff967948000 	C:\WINDOWS\System32\PSAPI.DLL
0x00007ff95d410000 - 0x00007ff95d42d000 	C:\WINDOWS\SYSTEM32\dhcpcsvc6.DLL
0x00007ff95d3e0000 - 0x00007ff95d405000 	C:\WINDOWS\SYSTEM32\dhcpcsvc.DLL
0x00007ff950160000 - 0x00007ff950187000 	C:\Users\YASSINE\.gradle\native\660c5614fbf4a5f2a75b1949f50a0caf5cd603558e7d8a26e50b933a0cfb79d1\windows-amd64\native-platform.dll
0x00007ff951320000 - 0x00007ff95132a000 	C:\Users\YASSINE\.antigravity\extensions\redhat.java-1.54.0-win32-x64\jre\21.0.10-win32-x86_64\bin\management.dll
0x00007ff951080000 - 0x00007ff95108c000 	C:\Users\YASSINE\.antigravity\extensions\redhat.java-1.54.0-win32-x64\jre\21.0.10-win32-x86_64\bin\management_ext.dll
0x00007ff9520a0000 - 0x00007ff9520a9000 	C:\Users\YASSINE\.antigravity\extensions\redhat.java-1.54.0-win32-x64\jre\21.0.10-win32-x86_64\bin\extnet.dll
0x00007ff9520b0000 - 0x00007ff9520be000 	C:\Users\YASSINE\.antigravity\extensions\redhat.java-1.54.0-win32-x64\jre\21.0.10-win32-x86_64\bin\sunmscapi.dll
0x00007ff966cc0000 - 0x00007ff966e37000 	C:\WINDOWS\System32\CRYPT32.dll
0x00007ff9652b0000 - 0x00007ff9652e0000 	C:\WINDOWS\SYSTEM32\ncrypt.dll
0x00007ff965260000 - 0x00007ff96529f000 	C:\WINDOWS\SYSTEM32\NTASN1.dll
0x00007ff95c860000 - 0x00007ff95c868000 	C:\WINDOWS\system32\wshunix.dll

JVMTI agents:
c:\Users\YASSINE\.antigravity\extensions\redhat.java-1.54.0-win32-x64\lombok\lombok-1.18.39-4050.jar path:c:\Users\YASSINE\.antigravity\extensions\redhat.java-1.54.0-win32-x64\jre\21.0.10-win32-x86_64\bin\instrument.dll, loaded, initialized, instrumentlib options:none

dbghelp: loaded successfully - version: 4.0.5 - missing functions: none
symbol engine: initialized successfully - sym options: 0x614 - pdb path: .;c:\Users\YASSINE\.antigravity\extensions\redhat.java-1.54.0-win32-x64\jre\21.0.10-win32-x86_64\bin;C:\WINDOWS\SYSTEM32;C:\WINDOWS\WinSxS\amd64_microsoft.windows.common-controls_6595b64144ccf1df_6.0.26100.8115_none_3e075c82e3354f9c;c:\Users\YASSINE\.antigravity\extensions\redhat.java-1.54.0-win32-x64\jre\21.0.10-win32-x86_64\bin\server;C:\Users\YASSINE\AppData\Roaming\Antigravity\User\globalStorage\redhat.java\1.54.0\config_win\org.eclipse.equinox.launcher\org.eclipse.equinox.launcher.win32.win32.x86_64_1.3.0.v20260203-2149;C:\Users\YASSINE\AppData\Local\Temp\jna--676458664;C:\Users\YASSINE\.gradle\native\660c5614fbf4a5f2a75b1949f50a0caf5cd603558e7d8a26e50b933a0cfb79d1\windows-amd64

VM Arguments:
jvm_args: --add-modules=ALL-SYSTEM --add-opens=java.base/java.util=ALL-UNNAMED --add-opens=java.base/java.lang=ALL-UNNAMED --add-opens=java.base/sun.nio.fs=ALL-UNNAMED -Declipse.application=org.eclipse.jdt.ls.core.id1 -Dosgi.bundles.defaultStartLevel=4 -Declipse.product=org.eclipse.jdt.ls.core.product -Djava.import.generatesMetadataFilesAtProjectRoot=false -DDetectVMInstallationsJob.disabled=true -Dfile.encoding=utf8 -XX:+UseParallelGC -XX:GCTimeRatio=4 -XX:AdaptiveSizePolicyWeight=90 -Dsun.zip.disableMemoryMapping=true -Xmx2G -Xms100m -Xlog:disable -javaagent:c:\Users\YASSINE\.antigravity\extensions\redhat.java-1.54.0-win32-x64\lombok\lombok-1.18.39-4050.jar -XX:+HeapDumpOnOutOfMemoryError -XX:HeapDumpPath=c:\Users\YASSINE\AppData\Roaming\Antigravity\User\workspaceStorage\cc0564405a5d17f7e5e60df4f3e138fc\redhat.java -Daether.dependencyCollector.impl=bf 
java_command: c:\Users\YASSINE\.antigravity\extensions\redhat.java-1.54.0-win32-x64\server\plugins\org.eclipse.equinox.launcher_1.7.100.v20251111-0406.jar -configuration c:\Users\YASSINE\AppData\Roaming\Antigravity\User\globalStorage\redhat.java\1.54.0\config_win -data c:\Users\YASSINE\AppData\Roaming\Antigravity\User\workspaceStorage\cc0564405a5d17f7e5e60df4f3e138fc\redhat.java\jdt_ws --pipe=\\.\pipe\lsp-839a61af5d23a6c7e7e5bf65c6bb1d51-sock
java_class_path (initial): c:\Users\YASSINE\.antigravity\extensions\redhat.java-1.54.0-win32-x64\server\plugins\org.eclipse.equinox.launcher_1.7.100.v20251111-0406.jar
Launcher Type: SUN_STANDARD

[Global flags]
    uintx AdaptiveSizePolicyWeight                 = 90                                        {product} {command line}
     intx CICompilerCount                          = 4                                         {product} {ergonomic}
    uintx GCTimeRatio                              = 4                                         {product} {command line}
     bool HeapDumpOnOutOfMemoryError               = true                                   {manageable} {command line}
    ccstr HeapDumpPath                             = c:\Users\YASSINE\AppData\Roaming\Antigravity\User\workspaceStorage\cc0564405a5d17f7e5e60df4f3e138fc\redhat.java         {manageable} {command line}
   size_t InitialHeapSize                          = 104857600                                 {product} {command line}
   size_t MaxHeapSize                              = 2147483648                                {product} {command line}
   size_t MaxNewSize                               = 715653120                                 {product} {ergonomic}
   size_t MinHeapDeltaBytes                        = 524288                                    {product} {ergonomic}
   size_t MinHeapSize                              = 104857600                                 {product} {command line}
   size_t NewSize                                  = 34603008                                  {product} {ergonomic}
    uintx NonNMethodCodeHeapSize                   = 5839372                                {pd product} {ergonomic}
    uintx NonProfiledCodeHeapSize                  = 122909434                              {pd product} {ergonomic}
   size_t OldSize                                  = 70254592                                  {product} {ergonomic}
    uintx ProfiledCodeHeapSize                     = 122909434                              {pd product} {ergonomic}
    uintx ReservedCodeCacheSize                    = 251658240                              {pd product} {ergonomic}
     bool SegmentedCodeCache                       = true                                      {product} {ergonomic}
   size_t SoftMaxHeapSize                          = 2147483648                             {manageable} {ergonomic}
     bool UseCompressedOops                        = true                           {product lp64_product} {ergonomic}
     bool UseLargePagesIndividualAllocation        = false                                  {pd product} {ergonomic}
     bool UseParallelGC                            = true                                      {product} {command line}

Logging:
Log output configuration:
 #0: stdout all=off uptime,level,tags foldmultilines=false
 #1: stderr all=off uptime,level,tags foldmultilines=false

Release file:
JAVA_VERSION="21.0.10" 
MODULES="java.base java.compiler java.datatransfer java.xml java.prefs java.desktop java.instrument java.logging java.management java.security.sasl java.naming java.rmi java.management.rmi java.net.http java.scripting java.security.jgss java.transaction.xa java.sql java.sql.rowset java.xml.crypto java.se java.smartcardio jdk.accessibility jdk.internal.jvmstat jdk.attach jdk.charsets jdk.internal.opt jdk.zipfs jdk.compiler jdk.crypto.ec jdk.crypto.cryptoki jdk.crypto.mscapi jdk.dynalink jdk.internal.ed jdk.editpad jdk.hotspot.agent jdk.httpserver jdk.internal.le jdk.internal.vm.ci jdk.internal.vm.compiler jdk.internal.vm.compiler.management jdk.jartool jdk.javadoc jdk.jcmd jdk.management jdk.management.agent jdk.jconsole jdk.jdeps jdk.jdwp.agent jdk.jdi jdk.jfr jdk.jshell jdk.jsobject jdk.jstatd jdk.localedata jdk.management.jfr jdk.naming.dns jdk.naming.rmi jdk.net jdk.nio.mapmode jdk.random jdk.sctp jdk.security.auth jdk.security.jgss jdk.unsupported jdk.unsupported.desktop jdk.xml.dom" 

Environment Variables:
JAVA_HOME=C:\Program Files\Java\jdk-22
PATH=C:\Python314\Scripts\;C:\Python314\;C:\Program Files\Java\jdk-22\bin;C:\Program Files (x86)\Common Files\Oracle\Java\javapath;C:\Program Files (x86)\VMware\VMware Workstation\bin\;C:\xampp\php;C:\Program Files\Python313\Scripts\;C:\Program Files\Python313\;C:\app\YASSINE\product\11.2.0\dbhome_1\bin;C:\WINDOWS\system32;C:\WINDOWS;C:\WINDOWS\System32\Wbem;C:\WINDOWS\System32\WindowsPowerShell\v1.0\;C:\WINDOWS\System32\OpenSSH\;C:\Program Files\MySQL\MySQL Server 8.0\bin;C:\Program Files\MongoDB\Server\7.0\bin;C:\ProgramData\ComposerSetup\bin;C:\Program Files\Microsoft SQL Server\150\Tools\Binn\;C:\Program Files\Microsoft SQL Server\Client SDK\ODBC\170\Tools\Binn\;C:\Program Files\dotnet\;C:\Program Files\nodejs\;C:\ProgramData\chocolatey\bin;C:\Program Files\Git\cmd;C:\Users\YASSINE\AppData\Local\Microsoft\WindowsApps;C:\Users\YASSINE\AppData\Local\Programs\Microsoft VS Code\bin;C:\Users\YASSINE\AppData\Roaming\Composer\vendor\bin;C:\Users\YASSINE\.dotnet\tools;C:\Users\YASSINE\AppData\Roaming\npm;C:\Users\YASSINE\AppData\Local\Programs\Antigravity\bin
USERNAME=YASSINE
OS=Windows_NT
PROCESSOR_IDENTIFIER=Intel64 Family 6 Model 126 Stepping 5, GenuineIntel
TMP=C:\Users\YASSINE\AppData\Local\Temp
TEMP=C:\Users\YASSINE\AppData\Local\Temp




Periodic native trim disabled

---------------  S Y S T E M  ---------------

OS:
 Windows 11 , 64 bit Build 26100 (10.0.26100.8246)
OS uptime: 0 days 12:36 hours
Hyper-V role detected

CPU: total 8 (initial active 8) (4 cores per cpu, 2 threads per core) family 6 model 126 stepping 5 microcode 0xa6, cx8, cmov, fxsr, ht, mmx, 3dnowpref, sse, sse2, sse3, ssse3, sse4.1, sse4.2, popcnt, lzcnt, tsc, tscinvbit, avx, avx2, aes, erms, clmul, bmi1, bmi2, adx, avx512f, avx512dq, avx512cd, avx512bw, avx512vl, sha, fma, vzeroupper, avx512_vpopcntdq, avx512_vpclmulqdq, avx512_vaes, avx512_vnni, clflush, clflushopt, avx512_vbmi2, avx512_vbmi, hv, rdtscp, rdpid, fsrm, gfni, avx512_bitalg, f16c, avx512_ifma
Processor Information for the first 8 processors :
  Max Mhz: 1190, Current Mhz: 991, Mhz Limit: 987

Memory: 4k page, system-wide physical 7960M (471M free)
TotalPageFile size 21091M (AvailPageFile size 19M)
current process WorkingSet (physical memory assigned to process): 8M, peak: 287M
current process commit charge ("private bytes"): 409M, peak: 433M

vm_info: OpenJDK 64-Bit Server VM (21.0.10+7-LTS) for windows-amd64 JRE (21.0.10+7-LTS), built on 2026-01-20T00:00:00Z by "admin" with MS VC++ 17.12 (VS2022)

END.
